<?xml version="1.0" encoding="UTF-8"?>
<testsuite name="Pgm3.mavenproj.AppTest" tests="1" skipped="0" failures="0" errors="0" timestamp="2025-03-11T10:43:55" hostname="HP" time="0.003">
  <properties/>
  <testcase name="testApp" classname="Pgm3.mavenproj.AppTest" time="0.003"/>
  <system-out><![CDATA[]]></system-out>
  <system-err><![CDATA[]]></system-err>
</testsuite>
